Arguments: 
  /home/vinicius/.nvm/versions/node/v18.12.1/bin/node /home/vinicius/.nvm/versions/node/v18.12.1/bin/yarn init --y

PATH: 
  /home/vinicius/.asdf/shims:/opt/asdf-vm/bin:/home/vinicius/.nvm/versions/node/v18.12.1/bin:/home/vinicius/.local/bin:/usr/local/bin:/usr/bin:/usr/local/sbin:/home/vinicius/.dotnet/tools:/usr/lib/jvm/default/bin:/usr/bin/site_perl:/usr/bin/vendor_perl:/usr/bin/core_perl:/home/vinicius/Android/Sdk/emulator:/home/vinicius/Android/Sdk/tools:/home/vinicius/Android/Sdk/tools/bin:/home/vinicius/Android/Sdk/platform-tools:/home/vinicius/android-studio/bin

Yarn version: 
  1.22.19

Node version: 
  18.12.1

Platform: 
  linux x64

Trace: 
  Error: canceled
      at Interface.<anonymous> (/home/vinicius/.nvm/versions/node/v18.12.1/lib/node_modules/yarn/lib/cli.js:137150:13)
      at Interface.emit (node:events:513:28)
      at [_ttyWrite] [as _ttyWrite] (node:internal/readline/interface:1124:18)
      at ReadStream.onkeypress (node:internal/readline/interface:273:20)
      at ReadStream.emit (node:events:513:28)
      at emitKeys (node:internal/readline/utils:357:14)
      at emitKeys.next (<anonymous>)
      at ReadStream.onData (node:internal/readline/emitKeypressEvents:64:36)
      at ReadStream.emit (node:events:513:28)
      at addChunk (node:internal/streams/readable:324:12)

npm manifest: 
  No manifest

yarn manifest: 
  No manifest

Lockfile: 
  No lockfile
